<?xml version="1.0" encoding="UTF-8"?>
<!-- Generated by org.testng.reporters.JUnitXMLReporter -->
<testsuite hostname="SAMSUNG" ignored="0" name="Default test" tests="3" failures="0" timestamp="08 Sep 2020 19:19:39 GMT" time="7.281" errors="0">
  <testcase name="verifyCrewMembersExists" time="5.119" classname="spaceXAPIAutomation.spaceXAPIScenarios"/>
  <testcase name="verifyFirstCrewMemberName" time="1.019" classname="spaceXAPIAutomation.spaceXAPIScenarios"/>
  <testcase name="verifyPayLoads" time="1.051" classname="spaceXAPIAutomation.spaceXAPIScenarios"/>
</testsuite> <!-- Default test -->
