<?xml version="1.0" encoding="UTF-8"?>
<testng-results skipped="0" failed="0" ignored="0" total="3" passed="3">
  <reporter-output>
  </reporter-output>
  <suite name="Default suite" duration-ms="7281" started-at="2020-09-08T19:19:32Z" finished-at="2020-09-08T19:19:39Z">
    <groups>
    </groups>
    <test name="Default test" duration-ms="7281" started-at="2020-09-08T19:19:32Z" finished-at="2020-09-08T19:19:39Z">
      <class name="spaceXAPIAutomation.spaceXAPIScenarios">
        <test-method status="PASS" signature="verifyCrewMembersExists()[pri:0, instance:spaceXAPIAutomation.spaceXAPIScenarios@42e26948]" name="verifyCrewMembersExists" duration-ms="5119" started-at="2020-09-08T19:19:32Z" finished-at="2020-09-08T19:19:37Z">
          <reporter-output>
          </reporter-output>
        </test-method> <!-- verifyCrewMembersExists -->
        <test-method status="PASS" signature="verifyFirstCrewMemberName()[pri:0, instance:spaceXAPIAutomation.spaceXAPIScenarios@42e26948]" name="verifyFirstCrewMemberName" duration-ms="1019" started-at="2020-09-08T19:19:37Z" finished-at="2020-09-08T19:19:38Z">
          <reporter-output>
          </reporter-output>
        </test-method> <!-- verifyFirstCrewMemberName -->
        <test-method status="PASS" signature="verifyPayLoads()[pri:0, instance:spaceXAPIAutomation.spaceXAPIScenarios@42e26948]" name="verifyPayLoads" duration-ms="1051" started-at="2020-09-08T19:19:38Z" finished-at="2020-09-08T19:19:39Z">
          <reporter-output>
          </reporter-output>
        </test-method> <!-- verifyPayLoads -->
      </class> <!-- spaceXAPIAutomation.spaceXAPIScenarios -->
    </test> <!-- Default test -->
  </suite> <!-- Default suite -->
</testng-results>
